2023-05-01 22:41:54,123 - __main__ - INFO - Initializing data augmentation process
2023-05-01 22:42:55,206 - __main__ - INFO - Successfully retrieved preprocessed_data.parquet
2023-05-01 22:42:55,210 - __main__ - INFO - Attempting calculate_volume_moving_average
2023-05-01 22:42:57,119 - __main__ - ERROR - calculate_volume_moving_average failed with error: window must be an integer 0 or greater
2023-05-01 22:42:57,406 - __main__ - INFO - Attempting calculate_adj_rolling_median
2023-05-01 22:42:58,894 - __main__ - ERROR - calculate_adj_rolling_median failed with error: window must be an integer 0 or greater
2023-05-01 22:43:32,827 - __main__ - INFO - Data successfully saved to augmented_data.parquet
2023-05-01 22:45:49,207 - __main__ - INFO - Initializing data augmentation process
2023-05-01 22:46:44,572 - __main__ - INFO - Successfully retrieved preprocessed_data.parquet
2023-05-01 22:46:44,597 - __main__ - INFO - Attempting calculate_volume_moving_average
2023-05-01 22:48:02,094 - __main__ - INFO - calculate_volume_moving_average successful
2023-05-01 22:48:02,097 - __main__ - INFO - Attempting calculate_adj_rolling_median
2023-05-01 22:49:32,115 - __main__ - INFO - calculate_adj_rolling_median successful
2023-05-01 22:50:09,392 - __main__ - INFO - Data successfully saved to augmented_data.parquet
2023-05-02 12:26:42,708 - __main__ - INFO - Initializing data augmentation process
2023-05-02 12:26:42,748 - __main__ - ERROR - Failed to open preprocessed_data.parquet. Error message: ../data/../data/pre-processed/preprocessed_data.parquet
2023-05-02 12:26:42,749 - __main__ - INFO - Attempting calculate_volume_moving_average
2023-05-02 12:26:42,749 - __main__ - ERROR - calculate_volume_moving_average failed with error: 'NoneType' object is not subscriptable
2023-05-02 12:26:42,749 - __main__ - INFO - Attempting calculate_adj_rolling_median
2023-05-02 12:26:42,749 - __main__ - ERROR - calculate_adj_rolling_median failed with error: 'NoneType' object is not subscriptable
2023-05-02 12:26:42,750 - __main__ - ERROR - Failed to save augmented_data.parquet. Error message: 'NoneType' object has no attribute 'columns'
2023-05-02 12:26:54,195 - __main__ - INFO - Initializing data augmentation process
2023-05-02 12:26:54,205 - __main__ - ERROR - Failed to open preprocessed_data.parquet. Error message: ../data/../data/pre-processed/preprocessed_data.parquet
2023-05-02 12:26:54,205 - __main__ - INFO - Attempting calculate_volume_moving_average
2023-05-02 12:26:54,206 - __main__ - ERROR - calculate_volume_moving_average failed with error: 'NoneType' object is not subscriptable
2023-05-02 12:26:54,206 - __main__ - INFO - Attempting calculate_adj_rolling_median
2023-05-02 12:26:54,206 - __main__ - ERROR - calculate_adj_rolling_median failed with error: 'NoneType' object is not subscriptable
2023-05-02 12:26:54,208 - __main__ - ERROR - Failed to save augmented_data.parquet. Error message: 'NoneType' object has no attribute 'columns'
2023-05-02 12:33:55,830 - __main__ - INFO - Initializing data augmentation process
2023-05-02 12:34:25,948 - __main__ - INFO - Successfully retrieved preprocessed_data.parquet
2023-05-02 12:34:25,954 - __main__ - INFO - Attempting calculate_volume_moving_average
2023-05-02 12:35:48,595 - __main__ - INFO - calculate_volume_moving_average successful
2023-05-02 12:35:48,603 - __main__ - INFO - Attempting calculate_adj_rolling_median
2023-05-02 12:37:28,129 - __main__ - INFO - calculate_adj_rolling_median successful
2023-05-02 12:38:02,785 - __main__ - INFO - Data successfully saved to augmented_data.parquet
